<?xml version="1.0" encoding="UTF-8"?>
<!-- Generated by org.testng.reporters.JUnitReportReporter -->
<testsuite skipped="0" hostname="PcMakers-Len" name="a1_googleTest.A1_SampleGoogle" tests="1" failures="0" timestamp="07 Sep 2023 08:49:25 GMT" time="74.869" errors="0">
  <testcase name="loginGoogleTest" time="74.869" classname="a1_googleTest.A1_SampleGoogle"/>
</testsuite> <!-- a1_googleTest.A1_SampleGoogle -->
