<?xml version="1.0" encoding="UTF-8"?>
<!-- Generated by org.testng.reporters.JUnitReportReporter -->
<testsuite skipped="0" hostname="PcMakers-Len" name="a2_bingTest.A1_SampleBing" tests="1" failures="0" timestamp="07 Sep 2023 08:47:48 GMT" time="26.044" errors="0">
  <testcase name="loginBingTest" time="26.044" classname="a2_bingTest.A1_SampleBing"/>
</testsuite> <!-- a2_bingTest.A1_SampleBing -->
